#
# There is insufficient memory for the Java Runtime Environment to continue.
# Native memory allocation (mmap) failed to map 132120576 bytes for G1 virtual space
# Possible reasons:
#   The system is out of physical RAM or swap space
#   The process is running with CompressedOops enabled, and the Java Heap may be blocking the growth of the native heap
# Possible solutions:
#   Reduce memory load on the system
#   Increase physical memory or swap space
#   Check if swap backing store is full
#   Decrease Java heap size (-Xmx/-Xms)
#   Decrease number of Java threads
#   Decrease Java thread stack sizes (-Xss)
#   Set larger code cache with -XX:ReservedCodeCacheSize=
#   JVM is running with Unscaled Compressed Oops mode in which the Java heap is
#     placed in the first 4GB address space. The Java Heap base address is the
#     maximum limit for the native heap growth. Please use -XX:HeapBaseMinAddress
#     to set the Java Heap base and to place the Java Heap above 4GB virtual address.
# This output file may be truncated or incomplete.
#
#  Out of Memory Error (os_windows.cpp:3548), pid=840, tid=16180
#
# JRE version:  (17.0.12+8) (build )
# Java VM: Java HotSpot(TM) 64-Bit Server VM (17.0.12+8-LTS-286, mixed mode, emulated-client, sharing, tiered, compressed oops, compressed class ptrs, g1 gc, windows-amd64)
# No core dump will be written. Minidumps are not enabled by default on client versions of Windows
#

---------------  S U M M A R Y ------------

Command Line: -Dcom.sun.management.jmxremote -Dcom.sun.management.jmxremote.port=49830 -Dcom.sun.management.jmxremote.authenticate=false -Dcom.sun.management.jmxremote.ssl=false -Djava.rmi.server.hostname=localhost -Dspring.jmx.enabled=true -Dmanagement.endpoints.jmx.exposure.include=* -Dspring.application.admin.enabled=true -XX:TieredStopAtLevel=1 -Dspring.boot.project.name=banking-app -Dfile.encoding=UTF-8 -Dstdout.encoding=UTF-8 -Dstderr.encoding=UTF-8 -XX:+ShowCodeDetailsInExceptionMessages net.javaguides.banking.BankingAppApplication --spring.output.ansi.enabled=always

Host: Intel(R) Core(TM) i5-7300U CPU @ 2.60GHz, 4 cores, 7G,  Windows 10 , 64 bit Build 19041 (10.0.19041.5198)
Time: Sun Jan  5 16:09:30 2025 India Standard Time elapsed time: 0.030410 seconds (0d 0h 0m 0s)

---------------  T H R E A D  ---------------

Current thread (0x00000134076cfbd0):  JavaThread "Unknown thread" [_thread_in_vm, id=16180, stack(0x0000001323c00000,0x0000001323d00000)]

Stack: [0x0000001323c00000,0x0000001323d00000]
Native frames: (J=compiled Java code, j=interpreted, Vv=VM code, C=native code)
V  [jvm.dll+0x67a04a]
V  [jvm.dll+0x7da4ed]
V  [jvm.dll+0x7dbe33]
V  [jvm.dll+0x7dc4a3]
V  [jvm.dll+0x24508f]
V  [jvm.dll+0x677089]
V  [jvm.dll+0x66bd32]
V  [jvm.dll+0x301fa6]
V  [jvm.dll+0x309546]
V  [jvm.dll+0x359d2e]
V  [jvm.dll+0x359f5f]
V  [jvm.dll+0x2d9078]
V  [jvm.dll+0x2d9fe4]
V  [jvm.dll+0x7aca21]
V  [jvm.dll+0x367591]
V  [jvm.dll+0x78b999]
V  [jvm.dll+0x3ec83f]
V  [jvm.dll+0x3ee471]
C  [jli.dll+0x5297]
C  [ucrtbase.dll+0x21bb2]
C  [KERNEL32.DLL+0x17374]
C  [ntdll.dll+0x4cc91]


---------------  P R O C E S S  ---------------

Threads class SMR info:
_java_thread_list=0x00007fff1aef7a18, length=0, elements={
}

Java Threads: ( => current thread )

Other Threads:
  0x0000013407729f70 GCTaskThread "GC Thread#0" [stack: 0x0000001323d00000,0x0000001323e00000] [id=6940]
  0x000001340773b130 ConcurrentGCThread "G1 Main Marker" [stack: 0x0000001323e00000,0x0000001323f00000] [id=13612]
  0x000001340773ba50 ConcurrentGCThread "G1 Conc#0" [stack: 0x0000001323f00000,0x0000001324000000] [id=10248]

[error occurred during error reporting (printing all threads), id 0xc0000005, EXCEPTION_ACCESS_VIOLATION (0xc0000005) at pc=0x00007fff1a729b67]

VM state: not at safepoint (not fully initialized)

VM Mutex/Monitor currently owned by a thread:  ([mutex/lock_event])
[0x00000134076cc920] Heap_lock - owner thread: 0x00000134076cfbd0

Heap address: 0x0000000082200000, size: 2014 MB, Compressed Oops mode: 32-bit

CDS archive(s) mapped at: [0x0000000000000000-0x0000000000000000-0x0000000000000000), size 0, SharedBaseAddress: 0x0000000800000000, ArchiveRelocationMode: 1.
Narrow klass base: 0x0000000000000000, Narrow klass shift: 0, Narrow klass range: 0x0

GC Precious Log:
<Empty>

Heap:
 garbage-first heap   total 0K, used 0K [0x0000000082200000, 0x0000000100000000)
  region size 1024K, 0 young (0K), 0 survivors (0K)

[error occurred during error reporting (printing heap information), id 0xc0000005, EXCEPTION_ACCESS_VIOLATION (0xc0000005) at pc=0x00007fff1ab13859]

GC Heap History (0 events):
No events

Deoptimization events (0 events):
No events

Classes unloaded (0 events):
No events

Classes redefined (0 events):
No events

Internal exceptions (0 events):
No events

VM Operations (0 events):
No events

Events (1 events):
Event: 0.018 Loaded shared library D:\Sangram\Vid\SpringBoot Project Req Applications\jdk-17_windows-x64_bin\jdk-17.0.12\bin\java.dll


Dynamic libraries:
0x00007ff6f6e70000 - 0x00007ff6f6e80000 	D:\Sangram\Vid\SpringBoot Project Req Applications\jdk-17_windows-x64_bin\jdk-17.0.12\bin\javaw.exe
0x00007fff55cb0000 - 0x00007fff55ea8000 	C:\Windows\SYSTEM32\ntdll.dll
0x00007fff55400000 - 0x00007fff554c2000 	C:\Windows\System32\KERNEL32.DLL
0x00007fff53470000 - 0x00007fff5376e000 	C:\Windows\System32\KERNELBASE.dll
0x00007fff53900000 - 0x00007fff53a00000 	C:\Windows\System32\ucrtbase.dll
0x00007fff4b150000 - 0x00007fff4b169000 	D:\Sangram\Vid\SpringBoot Project Req Applications\jdk-17_windows-x64_bin\jdk-17.0.12\bin\jli.dll
0x00007fff4b170000 - 0x00007fff4b18b000 	D:\Sangram\Vid\SpringBoot Project Req Applications\jdk-17_windows-x64_bin\jdk-17.0.12\bin\VCRUNTIME140.dll
0x00007fff554d0000 - 0x00007fff55581000 	C:\Windows\System32\ADVAPI32.dll
0x00007fff55330000 - 0x00007fff553ce000 	C:\Windows\System32\msvcrt.dll
0x00007fff54740000 - 0x00007fff547df000 	C:\Windows\System32\sechost.dll
0x00007fff557e0000 - 0x00007fff55903000 	C:\Windows\System32\RPCRT4.dll
0x00007fff53aa0000 - 0x00007fff53ac7000 	C:\Windows\System32\bcrypt.dll
0x00007fff55190000 - 0x00007fff5532d000 	C:\Windows\System32\USER32.dll
0x00007fff46000000 - 0x00007fff4629a000 	C:\Windows\WinSxS\amd64_microsoft.windows.common-controls_6595b64144ccf1df_6.0.19041.4355_none_60b8b9eb71f62e16\COMCTL32.dll
0x00007fff53ce0000 - 0x00007fff53d0b000 	C:\Windows\System32\GDI32.dll
0x00007fff53770000 - 0x00007fff53792000 	C:\Windows\System32\win32u.dll
0x00007fff53350000 - 0x00007fff53467000 	C:\Windows\System32\gdi32full.dll
0x00007fff53a00000 - 0x00007fff53a9d000 	C:\Windows\System32\msvcp_win.dll
0x00007fff4a8e0000 - 0x00007fff4a8ea000 	C:\Windows\SYSTEM32\VERSION.dll
0x00007fff553d0000 - 0x00007fff553ff000 	C:\Windows\System32\IMM32.DLL
0x00007fff4ae50000 - 0x00007fff4ae5c000 	D:\Sangram\Vid\SpringBoot Project Req Applications\jdk-17_windows-x64_bin\jdk-17.0.12\bin\vcruntime140_1.dll
0x00007fff40fd0000 - 0x00007fff4105e000 	D:\Sangram\Vid\SpringBoot Project Req Applications\jdk-17_windows-x64_bin\jdk-17.0.12\bin\msvcp140.dll
0x00007fff1a440000 - 0x00007fff1b020000 	D:\Sangram\Vid\SpringBoot Project Req Applications\jdk-17_windows-x64_bin\jdk-17.0.12\bin\server\jvm.dll
0x00007fff53cd0000 - 0x00007fff53cd8000 	C:\Windows\System32\PSAPI.DLL
0x00007fff41140000 - 0x00007fff41149000 	C:\Windows\SYSTEM32\WSOCK32.dll
0x00007fff37f50000 - 0x00007fff37f77000 	C:\Windows\SYSTEM32\WINMM.dll
0x00007fff547e0000 - 0x00007fff5484b000 	C:\Windows\System32\WS2_32.dll
0x00007fff51bc0000 - 0x00007fff51bd2000 	C:\Windows\SYSTEM32\kernel.appcore.dll
0x00007fff4ae40000 - 0x00007fff4ae4a000 	D:\Sangram\Vid\SpringBoot Project Req Applications\jdk-17_windows-x64_bin\jdk-17.0.12\bin\jimage.dll
0x00007fff4df30000 - 0x00007fff4e114000 	C:\Windows\SYSTEM32\DBGHELP.DLL
0x00007fff49a60000 - 0x00007fff49a94000 	C:\Windows\SYSTEM32\dbgcore.DLL
0x00007fff53c40000 - 0x00007fff53cc2000 	C:\Windows\System32\bcryptPrimitives.dll
0x00007fff4a150000 - 0x00007fff4a175000 	D:\Sangram\Vid\SpringBoot Project Req Applications\jdk-17_windows-x64_bin\jdk-17.0.12\bin\java.dll

dbghelp: loaded successfully - version: 4.0.5 - missing functions: none
symbol engine: initialized successfully - sym options: 0x614 - pdb path: .;D:\Sangram\Vid\SpringBoot Project Req Applications\jdk-17_windows-x64_bin\jdk-17.0.12\bin;C:\Windows\SYSTEM32;C:\Windows\WinSxS\amd64_microsoft.windows.common-controls_6595b64144ccf1df_6.0.19041.4355_none_60b8b9eb71f62e16;D:\Sangram\Vid\SpringBoot Project Req Applications\jdk-17_windows-x64_bin\jdk-17.0.12\bin\server

VM Arguments:
jvm_args: -Dcom.sun.management.jmxremote -Dcom.sun.management.jmxremote.port=49830 -Dcom.sun.management.jmxremote.authenticate=false -Dcom.sun.management.jmxremote.ssl=false -Djava.rmi.server.hostname=localhost -Dspring.jmx.enabled=true -Dmanagement.endpoints.jmx.exposure.include=* -Dspring.application.admin.enabled=true -XX:TieredStopAtLevel=1 -Dspring.boot.project.name=banking-app -Dfile.encoding=UTF-8 -Dstdout.encoding=UTF-8 -Dstderr.encoding=UTF-8 -XX:+ShowCodeDetailsInExceptionMessages 
java_command: net.javaguides.banking.BankingAppApplication --spring.output.ansi.enabled=always
java_class_path (initial): C:\Users\Dell\Desktop\banking-app\banking-app\target\classes;C:\Users\Dell\.m2\repository\org\springframework\boot\spring-boot-starter-data-jpa\3.4.0\spring-boot-starter-data-jpa-3.4.0.jar;C:\Users\Dell\.m2\repository\org\springframework\boot\spring-boot-starter\3.4.0\spring-boot-starter-3.4.0.jar;C:\Users\Dell\.m2\repository\org\springframework\boot\spring-boot\3.4.0\spring-boot-3.4.0.jar;C:\Users\Dell\.m2\repository\org\springframework\boot\spring-boot-autoconfigure\3.4.0\spring-boot-autoconfigure-3.4.0.jar;C:\Users\Dell\.m2\repository\org\springframework\boot\spring-boot-starter-logging\3.4.0\spring-boot-starter-logging-3.4.0.jar;C:\Users\Dell\.m2\repository\ch\qos\logback\logback-classic\1.5.12\logback-classic-1.5.12.jar;C:\Users\Dell\.m2\repository\ch\qos\logback\logback-core\1.5.12\logback-core-1.5.12.jar;C:\Users\Dell\.m2\repository\org\apache\logging\log4j\log4j-to-slf4j\2.24.1\log4j-to-slf4j-2.24.1.jar;C:\Users\Dell\.m2\repository\org\apache\logging\log4j\log4j-api\2.24.1\log4j-api-2.24.1.jar;C:\Users\Dell\.m2\repository\org\slf4j\jul-to-slf4j\2.0.16\jul-to-slf4j-2.0.16.jar;C:\Users\Dell\.m2\repository\jakarta\annotation\jakarta.annotation-api\2.1.1\jakarta.annotation-api-2.1.1.jar;C:\Users\Dell\.m2\repository\org\yaml\snakeyaml\2.3\snakeyaml-2.3.jar;C:\Users\Dell\.m2\repository\org\springframework\boot\spring-boot-starter-jdbc\3.4.0\spring-boot-starter-jdbc-3.4.0.jar;C:\Users\Dell\.m2\repository\com\zaxxer\HikariCP\5.1.0\HikariCP-5.1.0.jar;C:\Users\Dell\.m2\repository\org\springframework\spring-jdbc\6.2.0\spring-jdbc-6.2.0.jar;C:\Users\Dell\.m2\repository\org\hibernate\orm\hibernate-core\6.6.2.Final\hibernate-core-6.6.2.Final.jar;C:\Users\Dell\.m2\repository\jakarta\persistence\jakarta.persistence-api\3.1.0\jakarta.persistence-api-3.1.0.jar;C:\Users\Dell\.m2\repository\jakarta\transaction\jakarta.transaction-api\2.0.1\jakarta.transaction-api-2.0.1.jar;C:\Users\Dell\.m2\repository\org\jboss\logging\jboss-logging\3.6.1.Final\jbos
Launcher Type: SUN_STANDARD

[Global flags]
     intx CICompilerCount                          = 3                                         {product} {ergonomic}
     uint ConcGCThreads                            = 1                                         {product} {ergonomic}
     uint G1ConcRefinementThreads                  = 4                                         {product} {ergonomic}
   size_t G1HeapRegionSize                         = 1048576                                   {product} {ergonomic}
    uintx GCDrainStackTargetSize                   = 64                                        {product} {ergonomic}
   size_t InitialHeapSize                          = 132120576                                 {product} {ergonomic}
     bool ManagementServer                         = true                                      {product} {command line}
   size_t MarkStackSize                            = 4194304                                   {product} {ergonomic}
   size_t MaxHeapSize                              = 2111832064                                {product} {ergonomic}
   size_t MinHeapDeltaBytes                        = 1048576                                   {product} {ergonomic}
   size_t MinHeapSize                              = 8388608                                   {product} {ergonomic}
    uintx NonProfiledCodeHeapSize                  = 0                                      {pd product} {ergonomic}
     bool ProfileInterpreter                       = false                                  {pd product} {command line}
    uintx ProfiledCodeHeapSize                     = 0                                      {pd product} {ergonomic}
     bool ShowCodeDetailsInExceptionMessages       = true                                   {manageable} {command line}
   size_t SoftMaxHeapSize                          = 2111832064                             {manageable} {ergonomic}
     intx TieredStopAtLevel                        = 1                                         {product} {command line}
     bool UseCompressedClassPointers               = true                           {product lp64_product} {ergonomic}
     bool UseCompressedOops                        = true                           {product lp64_product} {ergonomic}
     bool UseG1GC                                  = true                                      {product} {ergonomic}
     bool UseLargePagesIndividualAllocation        = false                                  {pd product} {ergonomic}

Logging:
Log output configuration:
 #0: stdout all=warning uptime,level,tags
 #1: stderr all=off uptime,level,tags

Environment Variables:
JAVA_HOME=D:\Sangram\Vid\SpringBoot Project Req Applications\jdk-17_windows-x64_bin\jdk-17.0.12
PATH=C:/Users/Dell/sts-4.24.0.RELEASE//plugins/org.eclipse.justj.openjdk.hotspot.jre.full.win32.x86_64_21.0.3.v20240426-1530/jre/bin/server;C:/Users/Dell/sts-4.24.0.RELEASE//plugins/org.eclipse.justj.openjdk.hotspot.jre.full.win32.x86_64_21.0.3.v20240426-1530/jre/bin;D:\Sangram\Vid\SpringBoot Project Req Applications\jdk-17_windows-x64_bin\jdk-17.0.12\bin;C:\Program Files\Git\cmd;C:\Program Files\MySQL\MySQL Shell 8.0\bin\;C:\Users\Dell\AppData\Local\Microsoft\WindowsApps;C:\Users\Dell\AppData\Local\Programs\Microsoft VS Code\bin;C:\Users\Dell\sts-4.24.0.RELEASE;
USERNAME=Dell
OS=Windows_NT
PROCESSOR_IDENTIFIER=Intel64 Family 6 Model 142 Stepping 9, GenuineIntel



---------------  S Y S T E M  ---------------

OS:
 Windows 10 , 64 bit Build 19041 (10.0.19041.5198)
OS uptime: 11 days 2:51 hours

CPU: total 4 (initial active 4) (2 cores per cpu, 2 threads per core) family 6 model 142 stepping 9 microcode 0xf4, cx8, cmov, fxsr, ht, mmx, 3dnowpref, sse, sse2, sse3, ssse3, sse4.1, sse4.2, popcnt, lzcnt, tsc, tscinvbit, avx, avx2, aes, erms, clmul, bmi1, bmi2, rtm, adx, fma, vzeroupper, clflush, clflushopt

Memory: 4k page, system-wide physical 8050M (1105M free)
TotalPageFile size 25991M (AvailPageFile size 48M)
current process WorkingSet (physical memory assigned to process): 10M, peak: 10M
current process commit charge ("private bytes"): 47M, peak: 172M

vm_info: Java HotSpot(TM) 64-Bit Server VM (17.0.12+8-LTS-286) for windows-amd64 JRE (17.0.12+8-LTS-286), built on Jun  5 2024 06:46:59 by "mach5one" with MS VC++ 17.6 (VS2022)

END.
